<?xml version="1.0" encoding="UTF-8"?>
<!-- Generated by org.testng.reporters.JUnitReportReporter -->
<testsuite hostname="Debasish" failures="0" tests="5" name="testCases.TC_002_LoginDataDriven" time="63.081" errors="0" timestamp="2023-09-02T13:49:42 IST" skipped="0">
  <testcase classname="testCases.TC_002_LoginDataDriven" name="test_LoginDDT" time="20.456"/>
  <testcase classname="testCases.TC_002_LoginDataDriven" name="test_LoginDDT" time="0.722"/>
  <testcase classname="testCases.TC_002_LoginDataDriven" name="test_LoginDDT" time="0.907"/>
  <testcase classname="testCases.TC_002_LoginDataDriven" name="test_LoginDDT" time="20.506"/>
  <testcase classname="testCases.TC_002_LoginDataDriven" name="test_LoginDDT" time="20.490"/>
</testsuite> <!-- testCases.TC_002_LoginDataDriven -->
