<?xml version="1.0" encoding="UTF-8"?>
<!-- Generated by org.testng.reporters.JUnitReportReporter -->
<testsuite hostname="Debasish" failures="0" tests="1" name="testCases.TC_MonitorDetails" time="11.318" errors="0" timestamp="2023-09-02T13:49:42 IST" skipped="0">
  <testcase classname="testCases.TC_MonitorDetails" name="accessMonitorDetails" time="11.318"/>
</testsuite> <!-- testCases.TC_MonitorDetails -->
