<?xml version="1.0" encoding="UTF-8"?>
<!-- Generated by org.testng.reporters.JUnitReportReporter -->
<testsuite hostname="Debasish" failures="0" tests="1" name="testCases.TC_LG_002LogOutTest" time="6.682" errors="0" timestamp="2023-09-02T22:34:27 IST" skipped="0">
  <testcase classname="testCases.TC_LG_002LogOutTest" name="LogOutTest" time="6.682"/>
</testsuite> <!-- testCases.TC_LG_002LogOutTest -->
