<?xml version="1.0" encoding="UTF-8"?>
<!-- Generated by org.testng.reporters.JUnitReportReporter -->
<testsuite hostname="Debasish" failures="0" tests="1" name="testCases.TC_002_LogInTest" time="6.711" errors="0" timestamp="2023-09-02T22:34:27 IST" skipped="0">
  <testcase classname="testCases.TC_002_LogInTest" name="LoginTest" time="6.711"/>
</testsuite> <!-- testCases.TC_002_LogInTest -->
